# JRE version: OpenJDK Runtime Environment Temurin-17.0.10+7 (17.0.10+7) (build 17.0.10+7)
# Java VM: OpenJDK 64-Bit Server VM Temurin-17.0.10+7 (17.0.10+7, mixed mode, tiered, compressed oops, compressed class ptrs, parallel gc, windows-amd64)
GC Precious Log:
 CPUs: 8 total, 8 available
 Memory: 32678M
 Large Page Support: Disabled
 NUMA Support: Disabled
 Compressed Oops: Enabled (32-bit)
 Alignments: Space 512K, Generation 512K, Heap 2M
 Heap Min Capacity: 100M
 Heap Initial Capacity: 100M
 Heap Max Capacity: 1G
 Pre-touch: Disabled
 Parallel Workers: 8
Heap:
 PSYoungGen      total 3584K, used 704K [0x00000000eab00000, 0x00000000eaf80000, 0x0000000100000000)
  eden space 2560K, 0% used [0x00000000eab00000,0x00000000eab00000,0x00000000ead80000)
  from space 1024K, 68% used [0x00000000ead80000,0x00000000eae30000,0x00000000eae80000)
  to   space 1024K, 0% used [0x00000000eae80000,0x00000000eae80000,0x00000000eaf80000)
 ParOldGen       total 232448K, used 231062K [0x00000000c0000000, 0x00000000ce300000, 0x00000000eab00000)
  object space 232448K, 99% used [0x00000000c0000000,0x00000000ce1a59c0,0x00000000ce300000)
 Metaspace       used 105133K, committed 106496K, reserved 1179648K
  class space    used 10530K, committed 11072K, reserved 1048576K
GC Heap History (20 events):
Event: 25922.005 GC heap after
{Heap after GC invocations=5355 (full 114):
 PSYoungGen      total 2560K, used 512K [0x00000000eab00000, 0x00000000eb180000, 0x0000000100000000)
  eden space 2048K, 0% used [0x00000000eab00000,0x00000000eab00000,0x00000000ead00000)
  from space 512K, 100% used [0x00000000eb100000,0x00000000eb180000,0x00000000eb180000)
  to   space 2048K, 0% used [0x00000000ead80000,0x00000000ead80000,0x00000000eaf80000)
 ParOldGen       total 232448K, used 190962K [0x00000000c0000000, 0x00000000ce300000, 0x00000000eab00000)
  object space 232448K, 82% used [0x00000000c0000000,0x00000000cba7c970,0x00000000ce300000)
 Metaspace       used 105130K, committed 106496K, reserved 1179648K
  class space    used 10530K, committed 11072K, reserved 1048576K
}
Event: 25922.013 GC heap before
{Heap before GC invocations=5356 (full 114):
 PSYoungGen      total 2560K, used 2559K [0x00000000eab00000, 0x00000000eb180000, 0x0000000100000000)
  eden space 2048K, 99% used [0x00000000eab00000,0x00000000eacffff8,0x00000000ead00000)
  from space 512K, 100% used [0x00000000eb100000,0x00000000eb180000,0x00000000eb180000)
  to   space 2048K, 0% used [0x00000000ead80000,0x00000000ead80000,0x00000000eaf80000)
 ParOldGen       total 232448K, used 190962K [0x00000000c0000000, 0x00000000ce300000, 0x00000000eab00000)
  object space 232448K, 82% used [0x00000000c0000000,0x00000000cba7c970,0x00000000ce300000)
 Metaspace       used 105130K, committed 106496K, reserved 1179648K
  class space    used 10530K, committed 11072K, reserved 1048576K
}
Event: 25922.015 GC heap after
{Heap after GC invocations=5356 (full 114):
 PSYoungGen      total 4608K, used 1760K [0x00000000eab00000, 0x00000000eb180000, 0x0000000100000000)
  eden space 2560K, 0% used [0x00000000eab00000,0x00000000eab00000,0x00000000ead80000)
  from space 2048K, 85% used [0x00000000ead80000,0x00000000eaf38000,0x00000000eaf80000)
  to   space 2048K, 0% used [0x00000000eaf80000,0x00000000eaf80000,0x00000000eb180000)
 ParOldGen       total 232448K, used 191514K [0x00000000c0000000, 0x00000000ce300000, 0x00000000eab00000)
  object space 232448K, 82% used [0x00000000c0000000,0x00000000cbb06970,0x00000000ce300000)
 Metaspace       used 105130K, committed 106496K, reserved 1179648K
  class space    used 10530K, committed 11072K, reserved 1048576K
}
Event: 25922.024 GC heap before
{Heap before GC invocations=5357 (full 114):
 PSYoungGen      total 4608K, used 4320K [0x00000000eab00000, 0x00000000eb180000, 0x0000000100000000)
  eden space 2560K, 100% used [0x00000000eab00000,0x00000000ead80000,0x00000000ead80000)
  from space 2048K, 85% used [0x00000000ead80000,0x00000000eaf38000,0x00000000eaf80000)
  to   space 2048K, 0% used [0x00000000eaf80000,0x00000000eaf80000,0x00000000eb180000)
 ParOldGen       total 232448K, used 191514K [0x00000000c0000000, 0x00000000ce300000, 0x00000000eab00000)
  object space 232448K, 82% used [0x00000000c0000000,0x00000000cbb06970,0x00000000ce300000)
 Metaspace       used 105130K, committed 106496K, reserved 1179648K
  class space    used 10530K, committed 11072K, reserved 1048576K
}
Event: 25922.026 GC heap after
{Heap after GC invocations=5357 (full 114):
 PSYoungGen      total 2560K, used 2048K [0x00000000eab00000, 0x00000000eb700000, 0x0000000100000000)
  eden space 512K, 0% used [0x00000000eab00000,0x00000000eab00000,0x00000000eab80000)
  from space 2048K, 100% used [0x00000000eaf80000,0x00000000eb180000,0x00000000eb180000)
  to   space 4096K, 0% used [0x00000000eab80000,0x00000000eab80000,0x00000000eaf80000)
 ParOldGen       total 232448K, used 193226K [0x00000000c0000000, 0x00000000ce300000, 0x00000000eab00000)
  object space 232448K, 83% used [0x00000000c0000000,0x00000000cbcb2970,0x00000000ce300000)
 Metaspace       used 105130K, committed 106496K, reserved 1179648K
  class space    used 10530K, committed 11072K, reserved 1048576K
}
Event: 25922.028 GC heap before
{Heap before GC invocations=5358 (full 114):
 PSYoungGen      total 2560K, used 2559K [0x00000000eab00000, 0x00000000eb700000, 0x0000000100000000)
  eden space 512K, 99% used [0x00000000eab00000,0x00000000eab7ffe0,0x00000000eab80000)
  from space 2048K, 100% used [0x00000000eaf80000,0x00000000eb180000,0x00000000eb180000)
  to   space 4096K, 0% used [0x00000000eab80000,0x00000000eab80000,0x00000000eaf80000)
 ParOldGen       total 232448K, used 193226K [0x00000000c0000000, 0x00000000ce300000, 0x00000000eab00000)
  object space 232448K, 83% used [0x00000000c0000000,0x00000000cbcb2970,0x00000000ce300000)
 Metaspace       used 105130K, committed 106496K, reserved 1179648K
  class space    used 10530K, committed 11072K, reserved 1048576K
}
Event: 25922.030 GC heap after
{Heap after GC invocations=5358 (full 114):
 PSYoungGen      total 1536K, used 576K [0x00000000eab00000, 0x00000000eb000000, 0x0000000100000000)
  eden space 512K, 0% used [0x00000000eab00000,0x00000000eab00000,0x00000000eab80000)
  from space 1024K, 56% used [0x00000000eab80000,0x00000000eac10000,0x00000000eac80000)
  to   space 2048K, 0% used [0x00000000eae00000,0x00000000eae00000,0x00000000eb000000)
 ParOldGen       total 232448K, used 195266K [0x00000000c0000000, 0x00000000ce300000, 0x00000000eab00000)
  object space 232448K, 84% used [0x00000000c0000000,0x00000000cbeb0970,0x00000000ce300000)
 Metaspace       used 105130K, committed 106496K, reserved 1179648K
  class space    used 10530K, committed 11072K, reserved 1048576K
}
Event: 25922.033 GC heap before
{Heap before GC invocations=5359 (full 114):
 PSYoungGen      total 1536K, used 1088K [0x00000000eab00000, 0x00000000eb000000, 0x0000000100000000)
  eden space 512K, 100% used [0x00000000eab00000,0x00000000eab80000,0x00000000eab80000)
  from space 1024K, 56% used [0x00000000eab80000,0x00000000eac10000,0x00000000eac80000)
  to   space 2048K, 0% used [0x00000000eae00000,0x00000000eae00000,0x00000000eb000000)
 ParOldGen       total 232448K, used 195266K [0x00000000c0000000, 0x00000000ce300000, 0x00000000eab00000)
  object space 232448K, 84% used [0x00000000c0000000,0x00000000cbeb0970,0x00000000ce300000)
 Metaspace       used 105130K, committed 106496K, reserved 1179648K
  class space    used 10530K, committed 11072K, reserved 1048576K
}
Event: 25922.034 GC heap after
{Heap after GC invocations=5359 (full 114):
 PSYoungGen      total 2048K, used 608K [0x00000000eab00000, 0x00000000eaf00000, 0x0000000100000000)
  eden space 1024K, 0% used [0x00000000eab00000,0x00000000eab00000,0x00000000eac00000)
  from space 1024K, 59% used [0x00000000eae00000,0x00000000eae98000,0x00000000eaf00000)
  to   space 1024K, 0% used [0x00000000ead00000,0x00000000ead00000,0x00000000eae00000)
 ParOldGen       total 232448K, used 195762K [0x00000000c0000000, 0x00000000ce300000, 0x00000000eab00000)
  object space 232448K, 84% used [0x00000000c0000000,0x00000000cbf2c970,0x00000000ce300000)
 Metaspace       used 105130K, committed 106496K, reserved 1179648K
  class space    used 10530K, committed 11072K, reserved 1048576K
}
Event: 25922.042 GC heap before
{Heap before GC invocations=5360 (full 114):
 PSYoungGen      total 2048K, used 1631K [0x00000000eab00000, 0x00000000eaf00000, 0x0000000100000000)
  eden space 1024K, 99% used [0x00000000eab00000,0x00000000eabffff8,0x00000000eac00000)
  from space 1024K, 59% used [0x00000000eae00000,0x00000000eae98000,0x00000000eaf00000)
  to   space 1024K, 0% used [0x00000000ead00000,0x00000000ead00000,0x00000000eae00000)
 ParOldGen       total 232448K, used 195762K [0x00000000c0000000, 0x00000000ce300000, 0x00000000eab00000)
  object space 232448K, 84% used [0x00000000c0000000,0x00000000cbf2c970,0x00000000ce300000)
 Metaspace       used 105130K, committed 106496K, reserved 1179648K
  class space    used 10530K, committed 11072K, reserved 1048576K
}
Event: 25922.044 GC heap after
{Heap after GC invocations=5360 (full 114):
 PSYoungGen      total 2560K, used 828K [0x00000000eab00000, 0x00000000eae80000, 0x0000000100000000)
  eden space 1536K, 0% used [0x00000000eab00000,0x00000000eab00000,0x00000000eac80000)
  from space 1024K, 80% used [0x00000000ead00000,0x00000000eadcf000,0x00000000eae00000)
  to   space 512K, 0% used [0x00000000eae00000,0x00000000eae00000,0x00000000eae80000)
 ParOldGen       total 232448K, used 196250K [0x00000000c0000000, 0x00000000ce300000, 0x00000000eab00000)
  object space 232448K, 84% used [0x00000000c0000000,0x00000000cbfa6970,0x00000000ce300000)
 Metaspace       used 105130K, committed 106496K, reserved 1179648K
  class space    used 10530K, committed 11072K, reserved 1048576K
}
Event: 25922.057 GC heap before
{Heap before GC invocations=5361 (full 114):
 PSYoungGen      total 2560K, used 2364K [0x00000000eab00000, 0x00000000eae80000, 0x0000000100000000)
  eden space 1536K, 100% used [0x00000000eab00000,0x00000000eac80000,0x00000000eac80000)
  from space 1024K, 80% used [0x00000000ead00000,0x00000000eadcf000,0x00000000eae00000)
  to   space 512K, 0% used [0x00000000eae00000,0x00000000eae00000,0x00000000eae80000)
 ParOldGen       total 232448K, used 196250K [0x00000000c0000000, 0x00000000ce300000, 0x00000000eab00000)
  object space 232448K, 84% used [0x00000000c0000000,0x00000000cbfa6970,0x00000000ce300000)
 Metaspace       used 105132K, committed 106496K, reserved 1179648K
  class space    used 10530K, committed 11072K, reserved 1048576K
}
Event: 25922.058 GC heap after
{Heap after GC invocations=5361 (full 114):
 PSYoungGen      total 2048K, used 504K [0x00000000eab00000, 0x00000000eb000000, 0x0000000100000000)
  eden space 1536K, 0% used [0x00000000eab00000,0x00000000eab00000,0x00000000eac80000)
  from space 512K, 98% used [0x00000000eae00000,0x00000000eae7e000,0x00000000eae80000)
  to   space 1536K, 0% used [0x00000000eac80000,0x00000000eac80000,0x00000000eae00000)
 ParOldGen       total 232448K, used 197118K [0x00000000c0000000, 0x00000000ce300000, 0x00000000eab00000)
  object space 232448K, 84% used [0x00000000c0000000,0x00000000cc07f990,0x00000000ce300000)
 Metaspace       used 105132K, committed 106496K, reserved 1179648K
  class space    used 10530K, committed 11072K, reserved 1048576K
}
Event: 25922.064 GC heap before
{Heap before GC invocations=5362 (full 114):
 PSYoungGen      total 2048K, used 1547K [0x00000000eab00000, 0x00000000eb000000, 0x0000000100000000)
  eden space 1536K, 67% used [0x00000000eab00000,0x00000000eac04d08,0x00000000eac80000)
  from space 512K, 98% used [0x00000000eae00000,0x00000000eae7e000,0x00000000eae80000)
  to   space 1536K, 0% used [0x00000000eac80000,0x00000000eac80000,0x00000000eae00000)
 ParOldGen       total 232448K, used 227838K [0x00000000c0000000, 0x00000000ce300000, 0x00000000eab00000)
  object space 232448K, 98% used [0x00000000c0000000,0x00000000cde7f9c0,0x00000000ce300000)
 Metaspace       used 105133K, committed 106496K, reserved 1179648K
  class space    used 10530K, committed 11072K, reserved 1048576K
}
Event: 25922.066 GC heap after
{Heap after GC invocations=5362 (full 114):
 PSYoungGen      total 3072K, used 920K [0x00000000eab00000, 0x00000000eb000000, 0x0000000100000000)
  eden space 1536K, 0% used [0x00000000eab00000,0x00000000eab00000,0x00000000eac80000)
  from space 1536K, 59% used [0x00000000eac80000,0x00000000ead66000,0x00000000eae00000)
  to   space 1536K, 0% used [0x00000000eae80000,0x00000000eae80000,0x00000000eb000000)
 ParOldGen       total 232448K, used 228342K [0x00000000c0000000, 0x00000000ce300000, 0x00000000eab00000)
  object space 232448K, 98% used [0x00000000c0000000,0x00000000cdefd9c0,0x00000000ce300000)
 Metaspace       used 105133K, committed 106496K, reserved 1179648K
  class space    used 10530K, committed 11072K, reserved 1048576K
}
Event: 25922.079 GC heap before
{Heap before GC invocations=5363 (full 114):
 PSYoungGen      total 3072K, used 2456K [0x00000000eab00000, 0x00000000eb000000, 0x0000000100000000)
  eden space 1536K, 100% used [0x00000000eab00000,0x00000000eac80000,0x00000000eac80000)
  from space 1536K, 59% used [0x00000000eac80000,0x00000000ead66000,0x00000000eae00000)
  to   space 1536K, 0% used [0x00000000eae80000,0x00000000eae80000,0x00000000eb000000)
 ParOldGen       total 232448K, used 228342K [0x00000000c0000000, 0x00000000ce300000, 0x00000000eab00000)
  object space 232448K, 98% used [0x00000000c0000000,0x00000000cdefd9c0,0x00000000ce300000)
 Metaspace       used 105133K, committed 106496K, reserved 1179648K
  class space    used 10530K, committed 11072K, reserved 1048576K
}
Event: 25922.081 GC heap after
{Heap after GC invocations=5363 (full 114):
 PSYoungGen      total 3072K, used 984K [0x00000000eab00000, 0x00000000eaf80000, 0x0000000100000000)
  eden space 2048K, 0% used [0x00000000eab00000,0x00000000eab00000,0x00000000ead00000)
  from space 1024K, 96% used [0x00000000eae80000,0x00000000eaf76000,0x00000000eaf80000)
  to   space 1024K, 0% used [0x00000000ead80000,0x00000000ead80000,0x00000000eae80000)
 ParOldGen       total 232448K, used 229142K [0x00000000c0000000, 0x00000000ce300000, 0x00000000eab00000)
  object space 232448K, 98% used [0x00000000c0000000,0x00000000cdfc59c0,0x00000000ce300000)
 Metaspace       used 105133K, committed 106496K, reserved 1179648K
  class space    used 10530K, committed 11072K, reserved 1048576K
}
Event: 25922.089 GC heap before
{Heap before GC invocations=5364 (full 114):
 PSYoungGen      total 3072K, used 2660K [0x00000000eab00000, 0x00000000eaf80000, 0x0000000100000000)
  eden space 2048K, 81% used [0x00000000eab00000,0x00000000eaca32d0,0x00000000ead00000)
  from space 1024K, 96% used [0x00000000eae80000,0x00000000eaf76000,0x00000000eaf80000)
  to   space 1024K, 0% used [0x00000000ead80000,0x00000000ead80000,0x00000000eae80000)
 ParOldGen       total 232448K, used 229142K [0x00000000c0000000, 0x00000000ce300000, 0x00000000eab00000)
  object space 232448K, 98% used [0x00000000c0000000,0x00000000cdfc59c0,0x00000000ce300000)
 Metaspace       used 105133K, committed 106496K, reserved 1179648K
  class space    used 10530K, committed 11072K, reserved 1048576K
}
Event: 25922.091 GC heap after
{Heap after GC invocations=5364 (full 114):
 PSYoungGen      total 3584K, used 704K [0x00000000eab00000, 0x00000000eaf80000, 0x0000000100000000)
  eden space 2560K, 0% used [0x00000000eab00000,0x00000000eab00000,0x00000000ead80000)
  from space 1024K, 68% used [0x00000000ead80000,0x00000000eae30000,0x00000000eae80000)
  to   space 1024K, 0% used [0x00000000eae80000,0x00000000eae80000,0x00000000eaf80000)
 ParOldGen       total 232448K, used 231062K [0x00000000c0000000, 0x00000000ce300000, 0x00000000eab00000)
  object space 232448K, 99% used [0x00000000c0000000,0x00000000ce1a59c0,0x00000000ce300000)
 Metaspace       used 105133K, committed 106496K, reserved 1179648K
  class space    used 10530K, committed 11072K, reserved 1048576K
}
Event: 25922.091 GC heap before
{Heap before GC invocations=5365 (full 115):
 PSYoungGen      total 3584K, used 704K [0x00000000eab00000, 0x00000000eaf80000, 0x0000000100000000)
  eden space 2560K, 0% used [0x00000000eab00000,0x00000000eab00000,0x00000000ead80000)
  from space 1024K, 68% used [0x00000000ead80000,0x00000000eae30000,0x00000000eae80000)
  to   space 1024K, 0% used [0x00000000eae80000,0x00000000eae80000,0x00000000eaf80000)
 ParOldGen       total 232448K, used 231062K [0x00000000c0000000, 0x00000000ce300000, 0x00000000eab00000)
  object space 232448K, 99% used [0x00000000c0000000,0x00000000ce1a59c0,0x00000000ce300000)
 Metaspace       used 105133K, committed 106496K, reserved 1179648K
  class space    used 10530K, committed 11072K, reserved 1048576K
}

